2021-05-09 17:28:03,992 INFO o.a.j.u.JMeterUtils: Setting Locale to pt_PT
2021-05-09 17:28:04,022 ERROR o.a.j.u.JMeterUtils: Could not find resources for 'pt_PT'
2021-05-09 17:28:04,023 INFO o.a.j.JMeter: Loading user properties from: /Users/i2smmg/Desktop/dave-the-blog-reader/jmeter/bin/user.properties
2021-05-09 17:28:04,023 INFO o.a.j.JMeter: Loading system properties from: /Users/i2smmg/Desktop/dave-the-blog-reader/jmeter/bin/system.properties
2021-05-09 17:28:04,031 INFO o.a.j.JMeter: Copyright (c) 1998-2021 The Apache Software Foundation
2021-05-09 17:28:04,031 INFO o.a.j.JMeter: Version 5.4.1
2021-05-09 17:28:04,031 INFO o.a.j.JMeter: java.version=11.0.9.1
2021-05-09 17:28:04,032 INFO o.a.j.JMeter: java.vm.name=OpenJDK 64-Bit Server VM
2021-05-09 17:28:04,032 INFO o.a.j.JMeter: os.name=Mac OS X
2021-05-09 17:28:04,032 INFO o.a.j.JMeter: os.arch=x86_64
2021-05-09 17:28:04,032 INFO o.a.j.JMeter: os.version=10.16
2021-05-09 17:28:04,032 INFO o.a.j.JMeter: file.encoding=UTF-8
2021-05-09 17:28:04,032 INFO o.a.j.JMeter: java.awt.headless=true
2021-05-09 17:28:04,032 INFO o.a.j.JMeter: Max memory     =4294967296
2021-05-09 17:28:04,032 INFO o.a.j.JMeter: Available Processors =12
2021-05-09 17:28:04,046 INFO o.a.j.JMeter: Default Locale=português (Portugal)
2021-05-09 17:28:04,046 INFO o.a.j.JMeter: JMeter  Locale=português (Portugal)
2021-05-09 17:28:04,046 INFO o.a.j.JMeter: JMeterHome=/Users/i2smmg/Desktop/dave-the-blog-reader/jmeter
2021-05-09 17:28:04,046 INFO o.a.j.JMeter: user.dir  =/Users/i2smmg/Desktop/dave-the-blog-reader
2021-05-09 17:28:04,047 INFO o.a.j.JMeter: PWD       =/Users/i2smmg/Desktop/dave-the-blog-reader
2021-05-09 17:28:04,048 INFO o.a.j.JMeter: IP: 192.168.1.77 Name: MAC18001.Home FullName: mac18001.home
2021-05-09 17:28:04,054 INFO o.a.j.s.FileServer: Default base='/Users/i2smmg/Desktop/dave-the-blog-reader'
2021-05-09 17:28:04,054 INFO o.a.j.s.FileServer: Set new base='/Users/i2smmg/Desktop/dave-the-blog-reader/jmeter/extras'
2021-05-09 17:28:04,239 INFO o.a.j.s.SaveService: Testplan (JMX) version: 2.2. Testlog (JTL) version: 2.2
2021-05-09 17:28:04,262 INFO o.a.j.s.SaveService: Using SaveService properties version 5.0
2021-05-09 17:28:04,265 INFO o.a.j.s.SaveService: Using SaveService properties file encoding UTF-8
2021-05-09 17:28:04,268 INFO o.a.j.s.SaveService: Loading file: /Users/i2smmg/Desktop/dave-the-blog-reader/jmeter/extras/jenkins.jmx
2021-05-09 17:28:04,310 INFO o.a.j.p.h.s.HTTPSamplerBase: Parser for text/html is org.apache.jmeter.protocol.http.parser.LagartoBasedHtmlParser
2021-05-09 17:28:04,310 INFO o.a.j.p.h.s.HTTPSamplerBase: Parser for application/xhtml+xml is org.apache.jmeter.protocol.http.parser.LagartoBasedHtmlParser
2021-05-09 17:28:04,310 INFO o.a.j.p.h.s.HTTPSamplerBase: Parser for application/xml is org.apache.jmeter.protocol.http.parser.LagartoBasedHtmlParser
2021-05-09 17:28:04,310 INFO o.a.j.p.h.s.HTTPSamplerBase: Parser for text/xml is org.apache.jmeter.protocol.http.parser.LagartoBasedHtmlParser
2021-05-09 17:28:04,310 INFO o.a.j.p.h.s.HTTPSamplerBase: Parser for text/vnd.wap.wml is org.apache.jmeter.protocol.http.parser.RegexpHTMLParser
2021-05-09 17:28:04,310 INFO o.a.j.p.h.s.HTTPSamplerBase: Parser for text/css is org.apache.jmeter.protocol.http.parser.CssParser
2021-05-09 17:28:04,335 INFO o.a.j.JMeter: Creating summariser <summary>
2021-05-09 17:28:04,341 INFO o.a.j.e.StandardJMeterEngine: Running the test!
2021-05-09 17:28:04,342 INFO o.a.j.s.SampleEvent: List of sample_variables: []
2021-05-09 17:28:04,342 INFO o.a.j.s.SampleEvent: List of sample_variables: []
2021-05-09 17:28:04,350 INFO o.a.j.e.u.CompoundVariable: Note: Function class names must contain the string: '.functions.'
2021-05-09 17:28:04,350 INFO o.a.j.e.u.CompoundVariable: Note: Function class names must not contain the string: '.gui.'
2021-05-09 17:28:04,596 INFO o.a.j.JMeter: Running test (1620577684596)
2021-05-09 17:28:04,612 INFO o.a.j.e.StandardJMeterEngine: Starting ThreadGroup: 1 : Thread Group
2021-05-09 17:28:04,612 INFO o.a.j.e.StandardJMeterEngine: Starting 5 threads for group Thread Group.
2021-05-09 17:28:04,612 INFO o.a.j.e.StandardJMeterEngine: Thread will continue on error
2021-05-09 17:28:04,612 INFO o.a.j.t.ThreadGroup: Starting thread group... number=1 threads=5 ramp-up=1 delayedStart=false
2021-05-09 17:28:04,623 INFO o.a.j.t.ThreadGroup: Started thread group number 1
2021-05-09 17:28:04,623 INFO o.a.j.e.StandardJMeterEngine: All thread groups have been started
2021-05-09 17:28:04,624 INFO o.a.j.t.JMeterThread: Thread started: Thread Group 1-1
2021-05-09 17:28:04,651 INFO o.a.j.p.h.s.HTTPHCAbstractImpl: Local host = MAC18001.Home
2021-05-09 17:28:04,661 INFO o.a.j.p.h.s.HTTPHC4Impl: HTTP request retry count = 0
2021-05-09 17:28:04,663 INFO o.a.j.s.SampleResult: Note: Sample TimeStamps are START times
2021-05-09 17:28:04,663 INFO o.a.j.s.SampleResult: sampleresult.default.encoding is set to ISO-8859-1
2021-05-09 17:28:04,663 INFO o.a.j.s.SampleResult: sampleresult.useNanoTime=true
2021-05-09 17:28:04,663 INFO o.a.j.s.SampleResult: sampleresult.nanoThreadSleep=5000
2021-05-09 17:28:04,764 INFO o.a.j.p.h.s.h.LazyLayeredConnectionSocketFactory: Setting up HTTPS TrustAll Socket Factory
2021-05-09 17:28:04,773 INFO o.a.j.u.JsseSSLManager: Using default SSL protocol: TLS
2021-05-09 17:28:04,773 INFO o.a.j.u.JsseSSLManager: SSL session context: per-thread
2021-05-09 17:28:04,819 INFO o.a.j.t.JMeterThread: Thread started: Thread Group 1-2
2021-05-09 17:28:04,929 INFO o.a.j.u.SSLManager: JmeterKeyStore Location:  type JKS
2021-05-09 17:28:04,933 INFO o.a.j.u.SSLManager: KeyStore created OK
2021-05-09 17:28:04,933 WARN o.a.j.u.SSLManager: Keystore file not found, loading empty keystore
2021-05-09 17:28:05,019 INFO o.a.j.t.JMeterThread: Thread started: Thread Group 1-3
2021-05-09 17:28:05,219 INFO o.a.j.t.JMeterThread: Thread started: Thread Group 1-4
2021-05-09 17:28:05,327 INFO o.a.j.r.Summariser: summary +      1 in 00:00:01 =    1,4/s Avg:   505 Min:   505 Max:   505 Err:     0 (0,00%) Active: 4 Started: 4 Finished: 0
2021-05-09 17:28:05,418 INFO o.a.j.t.JMeterThread: Thread started: Thread Group 1-5
2021-05-09 17:28:17,845 INFO o.a.j.t.JMeterThread: Thread is done: Thread Group 1-1
2021-05-09 17:28:17,846 INFO o.a.j.t.JMeterThread: Thread finished: Thread Group 1-1
2021-05-09 17:28:17,997 INFO o.a.j.t.JMeterThread: Thread is done: Thread Group 1-2
2021-05-09 17:28:17,998 INFO o.a.j.t.JMeterThread: Thread finished: Thread Group 1-2
2021-05-09 17:28:19,433 INFO o.a.j.t.JMeterThread: Thread is done: Thread Group 1-4
2021-05-09 17:28:19,433 INFO o.a.j.t.JMeterThread: Thread finished: Thread Group 1-4
2021-05-09 17:28:19,597 INFO o.a.j.t.JMeterThread: Thread is done: Thread Group 1-3
2021-05-09 17:28:19,597 INFO o.a.j.t.JMeterThread: Thread finished: Thread Group 1-3
2021-05-09 17:28:20,435 INFO o.a.j.t.JMeterThread: Thread is done: Thread Group 1-5
2021-05-09 17:28:20,436 INFO o.a.j.t.JMeterThread: Thread finished: Thread Group 1-5
2021-05-09 17:28:20,436 INFO o.a.j.e.StandardJMeterEngine: Notifying test listeners of end of test
2021-05-09 17:28:20,437 INFO o.a.j.r.Summariser: summary +     59 in 00:00:15 =    3,9/s Avg:  1178 Min:    78 Max:  8046 Err:     0 (0,00%) Active: 0 Started: 5 Finished: 5
2021-05-09 17:28:20,437 INFO o.a.j.r.Summariser: summary =     60 in 00:00:16 =    3,8/s Avg:  1167 Min:    78 Max:  8046 Err:     0 (0,00%)
