2021-05-09 15:53:28,746 INFO o.a.j.u.JMeterUtils: Setting Locale to pt_PT
2021-05-09 15:53:28,809 ERROR o.a.j.u.JMeterUtils: Could not find resources for 'pt_PT'
2021-05-09 15:53:28,810 INFO o.a.j.JMeter: Loading user properties from: user.properties
2021-05-09 15:53:28,811 INFO o.a.j.JMeter: Loading system properties from: system.properties
2021-05-09 15:53:28,830 INFO o.a.j.JMeter: Copyright (c) 1998-2021 The Apache Software Foundation
2021-05-09 15:53:28,831 INFO o.a.j.JMeter: Version 5.4.1
2021-05-09 15:53:28,831 INFO o.a.j.JMeter: java.version=11.0.9.1
2021-05-09 15:53:28,831 INFO o.a.j.JMeter: java.vm.name=OpenJDK 64-Bit Server VM
2021-05-09 15:53:28,832 INFO o.a.j.JMeter: os.name=Mac OS X
2021-05-09 15:53:28,832 INFO o.a.j.JMeter: os.arch=x86_64
2021-05-09 15:53:28,832 INFO o.a.j.JMeter: os.version=10.16
2021-05-09 15:53:28,832 INFO o.a.j.JMeter: file.encoding=UTF-8
2021-05-09 15:53:28,832 INFO o.a.j.JMeter: java.awt.headless=null
2021-05-09 15:53:28,832 INFO o.a.j.JMeter: Max memory     =4294967296
2021-05-09 15:53:28,833 INFO o.a.j.JMeter: Available Processors =12
2021-05-09 15:53:28,863 INFO o.a.j.JMeter: Default Locale=português (Portugal)
2021-05-09 15:53:28,864 INFO o.a.j.JMeter: JMeter  Locale=português (Portugal)
2021-05-09 15:53:28,864 INFO o.a.j.JMeter: JMeterHome=/Users/i2smmg/Desktop/dave-the-blog-reader/jmeter
2021-05-09 15:53:28,864 INFO o.a.j.JMeter: user.dir  =/Users/i2smmg/Desktop/dave-the-blog-reader/jmeter/bin
2021-05-09 15:53:28,865 INFO o.a.j.JMeter: PWD       =/Users/i2smmg/Desktop/dave-the-blog-reader/jmeter/bin
2021-05-09 15:53:28,873 INFO o.a.j.JMeter: IP: 192.168.1.77 Name: MAC18001.Home FullName: mac18001.home
2021-05-09 15:53:32,834 INFO o.a.j.JMeter: Setting LAF to: com.github.weisj.darklaf.DarkLaf:com.github.weisj.darklaf.theme.DarculaTheme
2021-05-09 15:53:34,841 INFO o.a.j.JMeter: Loaded icon properties from org/apache/jmeter/images/icon.properties
2021-05-09 15:53:59,099 INFO o.a.j.s.FileServer: Default base='/Users/i2smmg/Desktop/dave-the-blog-reader/jmeter/bin'
2021-05-09 15:53:59,105 INFO o.a.j.g.a.Load: Loading file: /Users/i2smmg/Desktop/dave-the-blog-reader/jmeter/extras/jenkins.jmx
2021-05-09 15:53:59,105 INFO o.a.j.s.FileServer: Set new base='/Users/i2smmg/Desktop/dave-the-blog-reader/jmeter/extras'
2021-05-09 15:53:59,495 INFO o.a.j.s.SaveService: Testplan (JMX) version: 2.2. Testlog (JTL) version: 2.2
2021-05-09 15:53:59,537 INFO o.a.j.s.SaveService: Using SaveService properties version 5.0
2021-05-09 15:53:59,540 INFO o.a.j.s.SaveService: Using SaveService properties file encoding UTF-8
2021-05-09 15:53:59,543 INFO o.a.j.s.SaveService: Loading file: /Users/i2smmg/Desktop/dave-the-blog-reader/jmeter/extras/jenkins.jmx
2021-05-09 15:53:59,589 INFO o.a.j.p.h.s.HTTPSamplerBase: Parser for text/html is org.apache.jmeter.protocol.http.parser.LagartoBasedHtmlParser
2021-05-09 15:53:59,589 INFO o.a.j.p.h.s.HTTPSamplerBase: Parser for application/xhtml+xml is org.apache.jmeter.protocol.http.parser.LagartoBasedHtmlParser
2021-05-09 15:53:59,590 INFO o.a.j.p.h.s.HTTPSamplerBase: Parser for application/xml is org.apache.jmeter.protocol.http.parser.LagartoBasedHtmlParser
2021-05-09 15:53:59,590 INFO o.a.j.p.h.s.HTTPSamplerBase: Parser for text/xml is org.apache.jmeter.protocol.http.parser.LagartoBasedHtmlParser
2021-05-09 15:53:59,590 INFO o.a.j.p.h.s.HTTPSamplerBase: Parser for text/vnd.wap.wml is org.apache.jmeter.protocol.http.parser.RegexpHTMLParser
2021-05-09 15:53:59,590 INFO o.a.j.p.h.s.HTTPSamplerBase: Parser for text/css is org.apache.jmeter.protocol.http.parser.CssParser
2021-05-09 15:53:59,957 INFO o.a.j.s.FileServer: Set new base='/Users/i2smmg/Desktop/dave-the-blog-reader/jmeter/extras'
2021-05-09 15:54:03,608 INFO o.a.j.e.StandardJMeterEngine: Running the test!
2021-05-09 15:54:03,610 INFO o.a.j.s.SampleEvent: List of sample_variables: []
2021-05-09 15:54:03,611 INFO o.a.j.s.SampleEvent: List of sample_variables: []
2021-05-09 15:54:03,613 INFO o.a.j.e.u.CompoundVariable: Note: Function class names must contain the string: '.functions.'
2021-05-09 15:54:03,614 INFO o.a.j.e.u.CompoundVariable: Note: Function class names must not contain the string: '.gui.'
2021-05-09 15:54:04,000 INFO o.a.j.g.u.JMeterMenuBar: setRunning(true, *local*)
2021-05-09 15:54:04,058 INFO o.a.j.e.StandardJMeterEngine: Starting ThreadGroup: 1 : Thread Group
2021-05-09 15:54:04,058 INFO o.a.j.e.StandardJMeterEngine: Starting 5 threads for group Thread Group.
2021-05-09 15:54:04,058 INFO o.a.j.e.StandardJMeterEngine: Thread will continue on error
2021-05-09 15:54:04,058 INFO o.a.j.t.ThreadGroup: Starting thread group... number=1 threads=5 ramp-up=1 delayedStart=false
2021-05-09 15:54:04,065 INFO o.a.j.t.JMeterThread: Thread started: Thread Group 1-1
2021-05-09 15:54:04,067 INFO o.a.j.t.ThreadGroup: Started thread group number 1
2021-05-09 15:54:04,068 INFO o.a.j.e.StandardJMeterEngine: All thread groups have been started
2021-05-09 15:54:04,075 INFO o.a.j.s.SampleResult: Note: Sample TimeStamps are START times
2021-05-09 15:54:04,075 INFO o.a.j.s.SampleResult: sampleresult.default.encoding is set to ISO-8859-1
2021-05-09 15:54:04,075 INFO o.a.j.s.SampleResult: sampleresult.useNanoTime=true
2021-05-09 15:54:04,076 INFO o.a.j.s.SampleResult: sampleresult.nanoThreadSleep=5000
2021-05-09 15:54:04,085 INFO o.a.j.t.JMeterThread: Thread is done: Thread Group 1-1
2021-05-09 15:54:04,085 INFO o.a.j.t.JMeterThread: Thread finished: Thread Group 1-1
2021-05-09 15:54:04,263 INFO o.a.j.t.JMeterThread: Thread started: Thread Group 1-2
2021-05-09 15:54:04,270 INFO o.a.j.t.JMeterThread: Thread is done: Thread Group 1-2
2021-05-09 15:54:04,270 INFO o.a.j.t.JMeterThread: Thread finished: Thread Group 1-2
2021-05-09 15:54:04,462 INFO o.a.j.t.JMeterThread: Thread started: Thread Group 1-3
2021-05-09 15:54:04,468 INFO o.a.j.t.JMeterThread: Thread is done: Thread Group 1-3
2021-05-09 15:54:04,468 INFO o.a.j.t.JMeterThread: Thread finished: Thread Group 1-3
2021-05-09 15:54:04,663 INFO o.a.j.t.JMeterThread: Thread started: Thread Group 1-4
2021-05-09 15:54:04,669 INFO o.a.j.t.JMeterThread: Thread is done: Thread Group 1-4
2021-05-09 15:54:04,670 INFO o.a.j.t.JMeterThread: Thread finished: Thread Group 1-4
2021-05-09 15:54:04,862 INFO o.a.j.t.JMeterThread: Thread started: Thread Group 1-5
2021-05-09 15:54:04,867 INFO o.a.j.t.JMeterThread: Thread is done: Thread Group 1-5
2021-05-09 15:54:04,867 INFO o.a.j.t.JMeterThread: Thread finished: Thread Group 1-5
2021-05-09 15:54:04,867 INFO o.a.j.e.StandardJMeterEngine: Notifying test listeners of end of test
2021-05-09 15:54:04,868 INFO o.a.j.g.u.JMeterMenuBar: setRunning(false, *local*)
2021-05-09 15:57:05,474 INFO o.a.j.e.StandardJMeterEngine: Running the test!
2021-05-09 15:57:05,475 INFO o.a.j.s.SampleEvent: List of sample_variables: []
2021-05-09 15:57:05,477 INFO o.a.j.g.u.JMeterMenuBar: setRunning(true, *local*)
2021-05-09 15:57:05,541 INFO o.a.j.e.StandardJMeterEngine: Starting ThreadGroup: 1 : Thread Group
2021-05-09 15:57:05,541 INFO o.a.j.e.StandardJMeterEngine: Starting 5 threads for group Thread Group.
2021-05-09 15:57:05,541 INFO o.a.j.e.StandardJMeterEngine: Thread will continue on error
2021-05-09 15:57:05,541 INFO o.a.j.t.ThreadGroup: Starting thread group... number=1 threads=5 ramp-up=1 delayedStart=false
2021-05-09 15:57:05,543 INFO o.a.j.t.JMeterThread: Thread started: Thread Group 1-1
2021-05-09 15:57:05,545 INFO o.a.j.t.ThreadGroup: Started thread group number 1
2021-05-09 15:57:05,545 INFO o.a.j.e.StandardJMeterEngine: All thread groups have been started
2021-05-09 15:57:05,546 INFO o.a.j.t.JMeterThread: Thread is done: Thread Group 1-1
2021-05-09 15:57:05,547 INFO o.a.j.t.JMeterThread: Thread finished: Thread Group 1-1
2021-05-09 15:57:05,742 INFO o.a.j.t.JMeterThread: Thread started: Thread Group 1-2
2021-05-09 15:57:05,744 INFO o.a.j.t.JMeterThread: Thread is done: Thread Group 1-2
2021-05-09 15:57:05,745 INFO o.a.j.t.JMeterThread: Thread finished: Thread Group 1-2
2021-05-09 15:57:05,942 INFO o.a.j.t.JMeterThread: Thread started: Thread Group 1-3
2021-05-09 15:57:05,944 INFO o.a.j.t.JMeterThread: Thread is done: Thread Group 1-3
2021-05-09 15:57:05,944 INFO o.a.j.t.JMeterThread: Thread finished: Thread Group 1-3
2021-05-09 15:57:06,145 INFO o.a.j.t.JMeterThread: Thread started: Thread Group 1-4
2021-05-09 15:57:06,147 INFO o.a.j.t.JMeterThread: Thread is done: Thread Group 1-4
2021-05-09 15:57:06,147 INFO o.a.j.t.JMeterThread: Thread finished: Thread Group 1-4
2021-05-09 15:57:06,342 INFO o.a.j.t.JMeterThread: Thread started: Thread Group 1-5
2021-05-09 15:57:06,345 INFO o.a.j.t.JMeterThread: Thread is done: Thread Group 1-5
2021-05-09 15:57:06,346 INFO o.a.j.t.JMeterThread: Thread finished: Thread Group 1-5
2021-05-09 15:57:06,346 INFO o.a.j.e.StandardJMeterEngine: Notifying test listeners of end of test
2021-05-09 15:57:06,346 INFO o.a.j.g.u.JMeterMenuBar: setRunning(false, *local*)
2021-05-09 15:57:14,005 INFO o.a.j.e.StandardJMeterEngine: Running the test!
2021-05-09 15:57:14,006 INFO o.a.j.s.SampleEvent: List of sample_variables: []
2021-05-09 15:57:14,007 INFO o.a.j.g.u.JMeterMenuBar: setRunning(true, *local*)
2021-05-09 15:57:14,068 INFO o.a.j.e.StandardJMeterEngine: Starting ThreadGroup: 1 : Thread Group
2021-05-09 15:57:14,068 INFO o.a.j.e.StandardJMeterEngine: Starting 5 threads for group Thread Group.
2021-05-09 15:57:14,068 INFO o.a.j.e.StandardJMeterEngine: Thread will continue on error
2021-05-09 15:57:14,069 INFO o.a.j.t.ThreadGroup: Starting thread group... number=1 threads=5 ramp-up=1 delayedStart=false
2021-05-09 15:57:14,070 INFO o.a.j.t.JMeterThread: Thread started: Thread Group 1-1
2021-05-09 15:57:14,071 INFO o.a.j.t.ThreadGroup: Started thread group number 1
2021-05-09 15:57:14,072 INFO o.a.j.e.StandardJMeterEngine: All thread groups have been started
2021-05-09 15:57:14,073 INFO o.a.j.t.JMeterThread: Thread is done: Thread Group 1-1
2021-05-09 15:57:14,073 INFO o.a.j.t.JMeterThread: Thread finished: Thread Group 1-1
2021-05-09 15:57:14,275 INFO o.a.j.t.JMeterThread: Thread started: Thread Group 1-2
2021-05-09 15:57:14,278 INFO o.a.j.t.JMeterThread: Thread is done: Thread Group 1-2
2021-05-09 15:57:14,278 INFO o.a.j.t.JMeterThread: Thread finished: Thread Group 1-2
2021-05-09 15:57:14,470 INFO o.a.j.t.JMeterThread: Thread started: Thread Group 1-3
2021-05-09 15:57:14,473 INFO o.a.j.t.JMeterThread: Thread is done: Thread Group 1-3
2021-05-09 15:57:14,473 INFO o.a.j.t.JMeterThread: Thread finished: Thread Group 1-3
2021-05-09 15:57:14,675 INFO o.a.j.t.JMeterThread: Thread started: Thread Group 1-4
2021-05-09 15:57:14,678 INFO o.a.j.t.JMeterThread: Thread is done: Thread Group 1-4
2021-05-09 15:57:14,678 INFO o.a.j.t.JMeterThread: Thread finished: Thread Group 1-4
2021-05-09 15:57:14,870 INFO o.a.j.t.JMeterThread: Thread started: Thread Group 1-5
2021-05-09 15:57:14,873 INFO o.a.j.t.JMeterThread: Thread is done: Thread Group 1-5
2021-05-09 15:57:14,873 INFO o.a.j.t.JMeterThread: Thread finished: Thread Group 1-5
2021-05-09 15:57:14,874 INFO o.a.j.e.StandardJMeterEngine: Notifying test listeners of end of test
2021-05-09 15:57:14,874 INFO o.a.j.g.u.JMeterMenuBar: setRunning(false, *local*)
2021-05-09 16:06:20,574 INFO o.a.j.e.StandardJMeterEngine: Running the test!
2021-05-09 16:06:20,576 INFO o.a.j.s.SampleEvent: List of sample_variables: []
2021-05-09 16:06:20,577 INFO o.a.j.g.u.JMeterMenuBar: setRunning(true, *local*)
2021-05-09 16:06:20,629 INFO o.a.j.e.StandardJMeterEngine: Starting ThreadGroup: 1 : Thread Group
2021-05-09 16:06:20,629 INFO o.a.j.e.StandardJMeterEngine: Starting 5 threads for group Thread Group.
2021-05-09 16:06:20,630 INFO o.a.j.e.StandardJMeterEngine: Thread will continue on error
2021-05-09 16:06:20,630 INFO o.a.j.t.ThreadGroup: Starting thread group... number=1 threads=5 ramp-up=1 delayedStart=false
2021-05-09 16:06:20,631 INFO o.a.j.t.JMeterThread: Thread started: Thread Group 1-1
2021-05-09 16:06:20,631 INFO o.a.j.t.ThreadGroup: Started thread group number 1
2021-05-09 16:06:20,632 INFO o.a.j.e.StandardJMeterEngine: All thread groups have been started
2021-05-09 16:06:20,635 INFO o.a.j.t.JMeterThread: Thread is done: Thread Group 1-1
2021-05-09 16:06:20,635 INFO o.a.j.t.JMeterThread: Thread finished: Thread Group 1-1
2021-05-09 16:06:20,833 INFO o.a.j.t.JMeterThread: Thread started: Thread Group 1-2
2021-05-09 16:06:20,836 INFO o.a.j.t.JMeterThread: Thread is done: Thread Group 1-2
2021-05-09 16:06:20,836 INFO o.a.j.t.JMeterThread: Thread finished: Thread Group 1-2
2021-05-09 16:06:21,035 INFO o.a.j.t.JMeterThread: Thread started: Thread Group 1-3
2021-05-09 16:06:21,037 INFO o.a.j.t.JMeterThread: Thread is done: Thread Group 1-3
2021-05-09 16:06:21,038 INFO o.a.j.t.JMeterThread: Thread finished: Thread Group 1-3
2021-05-09 16:06:21,233 INFO o.a.j.t.JMeterThread: Thread started: Thread Group 1-4
2021-05-09 16:06:21,235 INFO o.a.j.t.JMeterThread: Thread is done: Thread Group 1-4
2021-05-09 16:06:21,236 INFO o.a.j.t.JMeterThread: Thread finished: Thread Group 1-4
2021-05-09 16:06:21,435 INFO o.a.j.t.JMeterThread: Thread started: Thread Group 1-5
2021-05-09 16:06:21,439 INFO o.a.j.t.JMeterThread: Thread is done: Thread Group 1-5
2021-05-09 16:06:21,439 INFO o.a.j.t.JMeterThread: Thread finished: Thread Group 1-5
2021-05-09 16:06:21,439 INFO o.a.j.e.StandardJMeterEngine: Notifying test listeners of end of test
2021-05-09 16:06:21,440 INFO o.a.j.g.u.JMeterMenuBar: setRunning(false, *local*)
2021-05-09 16:08:05,572 INFO o.a.j.e.StandardJMeterEngine: Running the test!
2021-05-09 16:08:05,573 INFO o.a.j.s.SampleEvent: List of sample_variables: []
2021-05-09 16:08:05,573 INFO o.a.j.g.u.JMeterMenuBar: setRunning(true, *local*)
2021-05-09 16:08:05,622 INFO o.a.j.e.StandardJMeterEngine: Starting ThreadGroup: 1 : Thread Group
2021-05-09 16:08:05,622 INFO o.a.j.e.StandardJMeterEngine: Starting 5 threads for group Thread Group.
2021-05-09 16:08:05,622 INFO o.a.j.e.StandardJMeterEngine: Thread will continue on error
2021-05-09 16:08:05,623 INFO o.a.j.t.ThreadGroup: Starting thread group... number=1 threads=5 ramp-up=1 delayedStart=false
2021-05-09 16:08:05,623 INFO o.a.j.t.JMeterThread: Thread started: Thread Group 1-1
2021-05-09 16:08:05,624 INFO o.a.j.t.ThreadGroup: Started thread group number 1
2021-05-09 16:08:05,624 INFO o.a.j.e.StandardJMeterEngine: All thread groups have been started
2021-05-09 16:08:05,626 INFO o.a.j.t.JMeterThread: Thread is done: Thread Group 1-1
2021-05-09 16:08:05,627 INFO o.a.j.t.JMeterThread: Thread finished: Thread Group 1-1
2021-05-09 16:08:05,827 INFO o.a.j.t.JMeterThread: Thread started: Thread Group 1-2
2021-05-09 16:08:05,830 INFO o.a.j.t.JMeterThread: Thread is done: Thread Group 1-2
2021-05-09 16:08:05,830 INFO o.a.j.t.JMeterThread: Thread finished: Thread Group 1-2
2021-05-09 16:08:06,028 INFO o.a.j.t.JMeterThread: Thread started: Thread Group 1-3
2021-05-09 16:08:06,032 INFO o.a.j.t.JMeterThread: Thread is done: Thread Group 1-3
2021-05-09 16:08:06,032 INFO o.a.j.t.JMeterThread: Thread finished: Thread Group 1-3
2021-05-09 16:08:06,227 INFO o.a.j.t.JMeterThread: Thread started: Thread Group 1-4
2021-05-09 16:08:06,231 INFO o.a.j.t.JMeterThread: Thread is done: Thread Group 1-4
2021-05-09 16:08:06,231 INFO o.a.j.t.JMeterThread: Thread finished: Thread Group 1-4
2021-05-09 16:08:06,427 INFO o.a.j.t.JMeterThread: Thread started: Thread Group 1-5
2021-05-09 16:08:06,429 INFO o.a.j.t.JMeterThread: Thread is done: Thread Group 1-5
2021-05-09 16:08:06,430 INFO o.a.j.t.JMeterThread: Thread finished: Thread Group 1-5
2021-05-09 16:08:06,430 INFO o.a.j.e.StandardJMeterEngine: Notifying test listeners of end of test
2021-05-09 16:08:06,430 INFO o.a.j.g.u.JMeterMenuBar: setRunning(false, *local*)
2021-05-09 16:09:59,551 INFO o.a.j.e.StandardJMeterEngine: Running the test!
2021-05-09 16:09:59,553 INFO o.a.j.s.SampleEvent: List of sample_variables: []
2021-05-09 16:09:59,554 INFO o.a.j.g.u.JMeterMenuBar: setRunning(true, *local*)
2021-05-09 16:09:59,593 INFO o.a.j.e.StandardJMeterEngine: Starting ThreadGroup: 1 : Thread Group
2021-05-09 16:09:59,593 INFO o.a.j.e.StandardJMeterEngine: Starting 5 threads for group Thread Group.
2021-05-09 16:09:59,593 INFO o.a.j.e.StandardJMeterEngine: Thread will continue on error
2021-05-09 16:09:59,593 INFO o.a.j.t.ThreadGroup: Starting thread group... number=1 threads=5 ramp-up=1 delayedStart=false
2021-05-09 16:09:59,594 INFO o.a.j.t.JMeterThread: Thread started: Thread Group 1-1
2021-05-09 16:09:59,595 INFO o.a.j.t.ThreadGroup: Started thread group number 1
2021-05-09 16:09:59,595 INFO o.a.j.e.StandardJMeterEngine: All thread groups have been started
2021-05-09 16:09:59,595 INFO o.a.j.t.JMeterThread: Thread is done: Thread Group 1-1
2021-05-09 16:09:59,596 INFO o.a.j.t.JMeterThread: Thread finished: Thread Group 1-1
2021-05-09 16:09:59,797 INFO o.a.j.t.JMeterThread: Thread started: Thread Group 1-2
2021-05-09 16:09:59,800 INFO o.a.j.t.JMeterThread: Thread is done: Thread Group 1-2
2021-05-09 16:09:59,800 INFO o.a.j.t.JMeterThread: Thread finished: Thread Group 1-2
2021-05-09 16:09:59,994 INFO o.a.j.t.JMeterThread: Thread started: Thread Group 1-3
2021-05-09 16:09:59,996 INFO o.a.j.t.JMeterThread: Thread is done: Thread Group 1-3
2021-05-09 16:09:59,996 INFO o.a.j.t.JMeterThread: Thread finished: Thread Group 1-3
2021-05-09 16:10:00,194 INFO o.a.j.t.JMeterThread: Thread started: Thread Group 1-4
2021-05-09 16:10:00,196 INFO o.a.j.t.JMeterThread: Thread is done: Thread Group 1-4
2021-05-09 16:10:00,197 INFO o.a.j.t.JMeterThread: Thread finished: Thread Group 1-4
2021-05-09 16:10:00,394 INFO o.a.j.t.JMeterThread: Thread started: Thread Group 1-5
2021-05-09 16:10:00,396 INFO o.a.j.t.JMeterThread: Thread is done: Thread Group 1-5
2021-05-09 16:10:00,396 INFO o.a.j.t.JMeterThread: Thread finished: Thread Group 1-5
2021-05-09 16:10:00,396 INFO o.a.j.e.StandardJMeterEngine: Notifying test listeners of end of test
2021-05-09 16:10:00,397 INFO o.a.j.g.u.JMeterMenuBar: setRunning(false, *local*)
2021-05-09 16:14:24,513 INFO o.a.j.e.StandardJMeterEngine: Running the test!
2021-05-09 16:14:24,514 INFO o.a.j.s.SampleEvent: List of sample_variables: []
2021-05-09 16:14:24,515 INFO o.a.j.g.u.JMeterMenuBar: setRunning(true, *local*)
2021-05-09 16:14:24,551 INFO o.a.j.e.StandardJMeterEngine: Starting ThreadGroup: 1 : Thread Group
2021-05-09 16:14:24,551 INFO o.a.j.e.StandardJMeterEngine: Starting 5 threads for group Thread Group.
2021-05-09 16:14:24,551 INFO o.a.j.e.StandardJMeterEngine: Thread will continue on error
2021-05-09 16:14:24,551 INFO o.a.j.t.ThreadGroup: Starting thread group... number=1 threads=5 ramp-up=1 delayedStart=false
2021-05-09 16:14:24,552 INFO o.a.j.t.JMeterThread: Thread started: Thread Group 1-1
2021-05-09 16:14:24,552 INFO o.a.j.t.ThreadGroup: Started thread group number 1
2021-05-09 16:14:24,552 INFO o.a.j.e.StandardJMeterEngine: All thread groups have been started
2021-05-09 16:14:24,568 INFO o.a.j.p.h.s.HTTPHCAbstractImpl: Local host = MAC18001.Home
2021-05-09 16:14:24,579 INFO o.a.j.p.h.s.HTTPHC4Impl: HTTP request retry count = 0
2021-05-09 16:14:24,757 INFO o.a.j.t.JMeterThread: Thread started: Thread Group 1-2
2021-05-09 16:14:24,861 INFO o.a.j.t.JMeterThread: Thread is done: Thread Group 1-1
2021-05-09 16:14:24,861 INFO o.a.j.t.JMeterThread: Thread is done: Thread Group 1-2
2021-05-09 16:14:24,861 INFO o.a.j.t.JMeterThread: Thread finished: Thread Group 1-1
2021-05-09 16:14:24,861 INFO o.a.j.t.JMeterThread: Thread finished: Thread Group 1-2
2021-05-09 16:14:24,953 INFO o.a.j.t.JMeterThread: Thread started: Thread Group 1-3
2021-05-09 16:14:24,961 INFO o.a.j.t.JMeterThread: Thread is done: Thread Group 1-3
2021-05-09 16:14:24,961 INFO o.a.j.t.JMeterThread: Thread finished: Thread Group 1-3
2021-05-09 16:14:25,153 INFO o.a.j.t.JMeterThread: Thread started: Thread Group 1-4
2021-05-09 16:14:25,161 INFO o.a.j.t.JMeterThread: Thread is done: Thread Group 1-4
2021-05-09 16:14:25,161 INFO o.a.j.t.JMeterThread: Thread finished: Thread Group 1-4
2021-05-09 16:14:25,352 INFO o.a.j.t.JMeterThread: Thread started: Thread Group 1-5
2021-05-09 16:14:25,359 INFO o.a.j.t.JMeterThread: Thread is done: Thread Group 1-5
2021-05-09 16:14:25,359 INFO o.a.j.t.JMeterThread: Thread finished: Thread Group 1-5
2021-05-09 16:14:25,359 INFO o.a.j.e.StandardJMeterEngine: Notifying test listeners of end of test
2021-05-09 16:14:25,360 INFO o.a.j.g.u.JMeterMenuBar: setRunning(false, *local*)
2021-05-09 16:14:41,179 INFO o.a.j.e.StandardJMeterEngine: Running the test!
2021-05-09 16:14:41,179 INFO o.a.j.s.SampleEvent: List of sample_variables: []
2021-05-09 16:14:41,180 INFO o.a.j.g.u.JMeterMenuBar: setRunning(true, *local*)
2021-05-09 16:14:41,220 INFO o.a.j.e.StandardJMeterEngine: Starting ThreadGroup: 1 : Thread Group
2021-05-09 16:14:41,220 INFO o.a.j.e.StandardJMeterEngine: Starting 5 threads for group Thread Group.
2021-05-09 16:14:41,220 INFO o.a.j.e.StandardJMeterEngine: Thread will continue on error
2021-05-09 16:14:41,220 INFO o.a.j.t.ThreadGroup: Starting thread group... number=1 threads=5 ramp-up=1 delayedStart=false
2021-05-09 16:14:41,221 INFO o.a.j.t.JMeterThread: Thread started: Thread Group 1-1
2021-05-09 16:14:41,222 INFO o.a.j.t.ThreadGroup: Started thread group number 1
2021-05-09 16:14:41,222 INFO o.a.j.e.StandardJMeterEngine: All thread groups have been started
2021-05-09 16:14:41,228 INFO o.a.j.t.JMeterThread: Thread is done: Thread Group 1-1
2021-05-09 16:14:41,229 INFO o.a.j.t.JMeterThread: Thread finished: Thread Group 1-1
2021-05-09 16:14:41,421 INFO o.a.j.t.JMeterThread: Thread started: Thread Group 1-2
2021-05-09 16:14:41,428 INFO o.a.j.t.JMeterThread: Thread is done: Thread Group 1-2
2021-05-09 16:14:41,429 INFO o.a.j.t.JMeterThread: Thread finished: Thread Group 1-2
2021-05-09 16:14:41,621 INFO o.a.j.t.JMeterThread: Thread started: Thread Group 1-3
2021-05-09 16:14:41,628 INFO o.a.j.t.JMeterThread: Thread is done: Thread Group 1-3
2021-05-09 16:14:41,628 INFO o.a.j.t.JMeterThread: Thread finished: Thread Group 1-3
2021-05-09 16:14:41,821 INFO o.a.j.t.JMeterThread: Thread started: Thread Group 1-4
2021-05-09 16:14:41,829 INFO o.a.j.t.JMeterThread: Thread is done: Thread Group 1-4
2021-05-09 16:14:41,829 INFO o.a.j.t.JMeterThread: Thread finished: Thread Group 1-4
2021-05-09 16:14:42,024 INFO o.a.j.t.JMeterThread: Thread started: Thread Group 1-5
2021-05-09 16:14:42,031 INFO o.a.j.t.JMeterThread: Thread is done: Thread Group 1-5
2021-05-09 16:14:42,031 INFO o.a.j.t.JMeterThread: Thread finished: Thread Group 1-5
2021-05-09 16:14:42,031 INFO o.a.j.e.StandardJMeterEngine: Notifying test listeners of end of test
2021-05-09 16:14:42,031 INFO o.a.j.g.u.JMeterMenuBar: setRunning(false, *local*)
2021-05-09 16:15:51,855 INFO o.a.j.e.StandardJMeterEngine: Running the test!
2021-05-09 16:15:51,856 INFO o.a.j.s.SampleEvent: List of sample_variables: []
2021-05-09 16:15:51,856 INFO o.a.j.g.u.JMeterMenuBar: setRunning(true, *local*)
2021-05-09 16:15:51,893 INFO o.a.j.e.StandardJMeterEngine: Starting ThreadGroup: 1 : Thread Group
2021-05-09 16:15:51,893 INFO o.a.j.e.StandardJMeterEngine: Starting 5 threads for group Thread Group.
2021-05-09 16:15:51,893 INFO o.a.j.e.StandardJMeterEngine: Thread will continue on error
2021-05-09 16:15:51,893 INFO o.a.j.t.ThreadGroup: Starting thread group... number=1 threads=5 ramp-up=1 delayedStart=false
2021-05-09 16:15:51,894 INFO o.a.j.t.JMeterThread: Thread started: Thread Group 1-1
2021-05-09 16:15:51,894 INFO o.a.j.t.ThreadGroup: Started thread group number 1
2021-05-09 16:15:51,894 INFO o.a.j.e.StandardJMeterEngine: All thread groups have been started
2021-05-09 16:15:51,900 INFO o.a.j.t.JMeterThread: Thread is done: Thread Group 1-1
2021-05-09 16:15:51,900 INFO o.a.j.t.JMeterThread: Thread finished: Thread Group 1-1
2021-05-09 16:15:52,094 INFO o.a.j.t.JMeterThread: Thread started: Thread Group 1-2
2021-05-09 16:15:52,099 INFO o.a.j.t.JMeterThread: Thread is done: Thread Group 1-2
2021-05-09 16:15:52,099 INFO o.a.j.t.JMeterThread: Thread finished: Thread Group 1-2
2021-05-09 16:15:52,295 INFO o.a.j.t.JMeterThread: Thread started: Thread Group 1-3
2021-05-09 16:15:52,302 INFO o.a.j.t.JMeterThread: Thread is done: Thread Group 1-3
2021-05-09 16:15:52,302 INFO o.a.j.t.JMeterThread: Thread finished: Thread Group 1-3
2021-05-09 16:15:52,498 INFO o.a.j.t.JMeterThread: Thread started: Thread Group 1-4
2021-05-09 16:15:52,505 INFO o.a.j.t.JMeterThread: Thread is done: Thread Group 1-4
2021-05-09 16:15:52,506 INFO o.a.j.t.JMeterThread: Thread finished: Thread Group 1-4
2021-05-09 16:15:52,694 INFO o.a.j.t.JMeterThread: Thread started: Thread Group 1-5
2021-05-09 16:15:52,701 INFO o.a.j.t.JMeterThread: Thread is done: Thread Group 1-5
2021-05-09 16:15:52,701 INFO o.a.j.t.JMeterThread: Thread finished: Thread Group 1-5
2021-05-09 16:15:52,702 INFO o.a.j.e.StandardJMeterEngine: Notifying test listeners of end of test
2021-05-09 16:15:52,702 INFO o.a.j.g.u.JMeterMenuBar: setRunning(false, *local*)
2021-05-09 16:16:11,149 INFO o.a.j.e.StandardJMeterEngine: Running the test!
2021-05-09 16:16:11,149 INFO o.a.j.s.SampleEvent: List of sample_variables: []
2021-05-09 16:16:11,150 INFO o.a.j.g.u.JMeterMenuBar: setRunning(true, *local*)
2021-05-09 16:16:11,185 INFO o.a.j.e.StandardJMeterEngine: Starting ThreadGroup: 1 : Thread Group
2021-05-09 16:16:11,186 INFO o.a.j.e.StandardJMeterEngine: Starting 5 threads for group Thread Group.
2021-05-09 16:16:11,186 INFO o.a.j.e.StandardJMeterEngine: Thread will continue on error
2021-05-09 16:16:11,186 INFO o.a.j.t.ThreadGroup: Starting thread group... number=1 threads=5 ramp-up=1 delayedStart=false
2021-05-09 16:16:11,186 INFO o.a.j.t.JMeterThread: Thread started: Thread Group 1-1
2021-05-09 16:16:11,187 INFO o.a.j.t.ThreadGroup: Started thread group number 1
2021-05-09 16:16:11,187 INFO o.a.j.e.StandardJMeterEngine: All thread groups have been started
2021-05-09 16:16:11,193 INFO o.a.j.t.JMeterThread: Thread is done: Thread Group 1-1
2021-05-09 16:16:11,193 INFO o.a.j.t.JMeterThread: Thread finished: Thread Group 1-1
2021-05-09 16:16:11,392 INFO o.a.j.t.JMeterThread: Thread started: Thread Group 1-2
2021-05-09 16:16:11,398 INFO o.a.j.t.JMeterThread: Thread is done: Thread Group 1-2
2021-05-09 16:16:11,398 INFO o.a.j.t.JMeterThread: Thread finished: Thread Group 1-2
2021-05-09 16:16:11,589 INFO o.a.j.t.JMeterThread: Thread started: Thread Group 1-3
2021-05-09 16:16:11,596 INFO o.a.j.t.JMeterThread: Thread is done: Thread Group 1-3
2021-05-09 16:16:11,596 INFO o.a.j.t.JMeterThread: Thread finished: Thread Group 1-3
2021-05-09 16:16:11,787 INFO o.a.j.t.JMeterThread: Thread started: Thread Group 1-4
2021-05-09 16:16:11,793 INFO o.a.j.t.JMeterThread: Thread is done: Thread Group 1-4
2021-05-09 16:16:11,793 INFO o.a.j.t.JMeterThread: Thread finished: Thread Group 1-4
2021-05-09 16:16:11,986 INFO o.a.j.t.JMeterThread: Thread started: Thread Group 1-5
2021-05-09 16:16:11,993 INFO o.a.j.t.JMeterThread: Thread is done: Thread Group 1-5
2021-05-09 16:16:11,993 INFO o.a.j.t.JMeterThread: Thread finished: Thread Group 1-5
2021-05-09 16:16:11,994 INFO o.a.j.e.StandardJMeterEngine: Notifying test listeners of end of test
2021-05-09 16:16:11,994 INFO o.a.j.g.u.JMeterMenuBar: setRunning(false, *local*)
2021-05-09 16:29:38,016 INFO o.a.j.v.ViewResultsFullVisualizer: Add JavaFX to your Java installation if you want to use renderer: org.apache.jmeter.visualizers.RenderInBrowser
2021-05-09 16:29:40,581 INFO o.a.j.e.StandardJMeterEngine: Running the test!
2021-05-09 16:29:40,582 INFO o.a.j.s.SampleEvent: List of sample_variables: []
2021-05-09 16:29:40,582 INFO o.a.j.g.u.JMeterMenuBar: setRunning(true, *local*)
2021-05-09 16:29:40,650 INFO o.a.j.e.StandardJMeterEngine: Starting ThreadGroup: 1 : Thread Group
2021-05-09 16:29:40,650 INFO o.a.j.e.StandardJMeterEngine: Starting 5 threads for group Thread Group.
2021-05-09 16:29:40,651 INFO o.a.j.e.StandardJMeterEngine: Thread will continue on error
2021-05-09 16:29:40,651 INFO o.a.j.t.ThreadGroup: Starting thread group... number=1 threads=5 ramp-up=1 delayedStart=false
2021-05-09 16:29:40,652 INFO o.a.j.t.JMeterThread: Thread started: Thread Group 1-1
2021-05-09 16:29:40,652 INFO o.a.j.t.ThreadGroup: Started thread group number 1
2021-05-09 16:29:40,652 INFO o.a.j.e.StandardJMeterEngine: All thread groups have been started
2021-05-09 16:29:40,660 INFO o.a.j.t.JMeterThread: Thread is done: Thread Group 1-1
2021-05-09 16:29:40,660 INFO o.a.j.t.JMeterThread: Thread finished: Thread Group 1-1
2021-05-09 16:29:40,852 INFO o.a.j.t.JMeterThread: Thread started: Thread Group 1-2
2021-05-09 16:29:40,860 INFO o.a.j.t.JMeterThread: Thread is done: Thread Group 1-2
2021-05-09 16:29:40,860 INFO o.a.j.t.JMeterThread: Thread finished: Thread Group 1-2
2021-05-09 16:29:41,052 INFO o.a.j.t.JMeterThread: Thread started: Thread Group 1-3
2021-05-09 16:29:41,059 INFO o.a.j.t.JMeterThread: Thread is done: Thread Group 1-3
2021-05-09 16:29:41,059 INFO o.a.j.t.JMeterThread: Thread finished: Thread Group 1-3
2021-05-09 16:29:41,254 INFO o.a.j.t.JMeterThread: Thread started: Thread Group 1-4
2021-05-09 16:29:41,259 INFO o.a.j.t.JMeterThread: Thread is done: Thread Group 1-4
2021-05-09 16:29:41,260 INFO o.a.j.t.JMeterThread: Thread finished: Thread Group 1-4
2021-05-09 16:29:41,452 INFO o.a.j.t.JMeterThread: Thread started: Thread Group 1-5
2021-05-09 16:29:41,458 INFO o.a.j.t.JMeterThread: Thread is done: Thread Group 1-5
2021-05-09 16:29:41,458 INFO o.a.j.t.JMeterThread: Thread finished: Thread Group 1-5
2021-05-09 16:29:41,458 INFO o.a.j.e.StandardJMeterEngine: Notifying test listeners of end of test
2021-05-09 16:29:41,458 INFO o.a.j.g.u.JMeterMenuBar: setRunning(false, *local*)
2021-05-09 16:32:46,890 INFO o.a.j.e.StandardJMeterEngine: Running the test!
2021-05-09 16:32:46,891 INFO o.a.j.s.SampleEvent: List of sample_variables: []
2021-05-09 16:32:46,891 INFO o.a.j.g.u.JMeterMenuBar: setRunning(true, *local*)
2021-05-09 16:32:46,936 INFO o.a.j.e.StandardJMeterEngine: Starting ThreadGroup: 1 : Thread Group
2021-05-09 16:32:46,936 INFO o.a.j.e.StandardJMeterEngine: Starting 5 threads for group Thread Group.
2021-05-09 16:32:46,936 INFO o.a.j.e.StandardJMeterEngine: Thread will continue on error
2021-05-09 16:32:46,936 INFO o.a.j.t.ThreadGroup: Starting thread group... number=1 threads=5 ramp-up=1 delayedStart=false
2021-05-09 16:32:46,937 INFO o.a.j.t.JMeterThread: Thread started: Thread Group 1-1
2021-05-09 16:32:46,937 INFO o.a.j.t.ThreadGroup: Started thread group number 1
2021-05-09 16:32:46,938 INFO o.a.j.e.StandardJMeterEngine: All thread groups have been started
2021-05-09 16:32:46,940 INFO o.a.j.p.h.s.h.LazyLayeredConnectionSocketFactory: Setting up HTTPS TrustAll Socket Factory
2021-05-09 16:32:46,947 INFO o.a.j.u.JsseSSLManager: Using default SSL protocol: TLS
2021-05-09 16:32:46,947 INFO o.a.j.u.JsseSSLManager: SSL session context: per-thread
2021-05-09 16:32:47,136 INFO o.a.j.t.JMeterThread: Thread started: Thread Group 1-2
2021-05-09 16:32:47,219 INFO o.a.j.u.SSLManager: JmeterKeyStore Location:  type JKS
2021-05-09 16:32:47,224 INFO o.a.j.u.SSLManager: KeyStore created OK
2021-05-09 16:32:47,224 WARN o.a.j.u.SSLManager: Keystore file not found, loading empty keystore
2021-05-09 16:32:47,337 INFO o.a.j.t.JMeterThread: Thread started: Thread Group 1-3
2021-05-09 16:32:47,537 INFO o.a.j.t.JMeterThread: Thread started: Thread Group 1-4
2021-05-09 16:32:47,738 INFO o.a.j.t.JMeterThread: Thread started: Thread Group 1-5
2021-05-09 16:32:55,698 INFO o.a.j.t.JMeterThread: Thread is done: Thread Group 1-4
2021-05-09 16:32:55,698 INFO o.a.j.t.JMeterThread: Thread finished: Thread Group 1-4
2021-05-09 16:32:55,703 INFO o.a.j.t.JMeterThread: Thread is done: Thread Group 1-2
2021-05-09 16:32:55,704 INFO o.a.j.t.JMeterThread: Thread finished: Thread Group 1-2
2021-05-09 16:32:56,215 INFO o.a.j.t.JMeterThread: Thread is done: Thread Group 1-1
2021-05-09 16:32:56,215 INFO o.a.j.t.JMeterThread: Thread finished: Thread Group 1-1
2021-05-09 16:32:56,704 INFO o.a.j.t.JMeterThread: Thread is done: Thread Group 1-5
2021-05-09 16:32:56,704 INFO o.a.j.t.JMeterThread: Thread finished: Thread Group 1-5
2021-05-09 16:32:57,432 INFO o.a.j.t.JMeterThread: Thread is done: Thread Group 1-3
2021-05-09 16:32:57,432 INFO o.a.j.t.JMeterThread: Thread finished: Thread Group 1-3
2021-05-09 16:32:57,433 INFO o.a.j.e.StandardJMeterEngine: Notifying test listeners of end of test
2021-05-09 16:32:57,433 INFO o.a.j.g.u.JMeterMenuBar: setRunning(false, *local*)
2021-05-09 16:43:22,876 INFO o.a.j.v.ViewResultsFullVisualizer: Add JavaFX to your Java installation if you want to use renderer: org.apache.jmeter.visualizers.RenderInBrowser
2021-05-09 17:18:13,714 INFO o.a.j.e.StandardJMeterEngine: Running the test!
2021-05-09 17:18:13,721 INFO o.a.j.s.SampleEvent: List of sample_variables: []
2021-05-09 17:18:13,724 INFO o.a.j.g.u.JMeterMenuBar: setRunning(true, *local*)
2021-05-09 17:18:13,914 INFO o.a.j.e.StandardJMeterEngine: Starting ThreadGroup: 1 : Thread Group
2021-05-09 17:18:13,914 INFO o.a.j.e.StandardJMeterEngine: Starting 5 threads for group Thread Group.
2021-05-09 17:18:13,914 INFO o.a.j.e.StandardJMeterEngine: Thread will continue on error
2021-05-09 17:18:13,914 INFO o.a.j.t.ThreadGroup: Starting thread group... number=1 threads=5 ramp-up=1 delayedStart=false
2021-05-09 17:18:13,915 INFO o.a.j.t.JMeterThread: Thread started: Thread Group 1-1
2021-05-09 17:18:13,915 INFO o.a.j.t.ThreadGroup: Started thread group number 1
2021-05-09 17:18:13,915 INFO o.a.j.e.StandardJMeterEngine: All thread groups have been started
2021-05-09 17:18:14,118 INFO o.a.j.t.JMeterThread: Thread started: Thread Group 1-2
2021-05-09 17:18:14,315 INFO o.a.j.t.JMeterThread: Thread started: Thread Group 1-3
2021-05-09 17:18:14,519 INFO o.a.j.t.JMeterThread: Thread started: Thread Group 1-4
2021-05-09 17:18:14,715 INFO o.a.j.t.JMeterThread: Thread started: Thread Group 1-5
2021-05-09 17:18:21,327 INFO o.a.j.t.JMeterThread: Thread is done: Thread Group 1-1
2021-05-09 17:18:21,329 INFO o.a.j.t.JMeterThread: Thread finished: Thread Group 1-1
2021-05-09 17:18:23,315 INFO o.a.j.t.JMeterThread: Thread is done: Thread Group 1-2
2021-05-09 17:18:23,316 INFO o.a.j.t.JMeterThread: Thread finished: Thread Group 1-2
2021-05-09 17:18:25,834 INFO o.a.j.t.JMeterThread: Thread is done: Thread Group 1-3
2021-05-09 17:18:25,834 INFO o.a.j.t.JMeterThread: Thread finished: Thread Group 1-3
2021-05-09 17:18:27,620 INFO o.a.j.t.JMeterThread: Thread is done: Thread Group 1-5
2021-05-09 17:18:27,620 INFO o.a.j.t.JMeterThread: Thread finished: Thread Group 1-5
2021-05-09 17:18:27,969 INFO o.a.j.t.JMeterThread: Thread is done: Thread Group 1-4
2021-05-09 17:18:27,969 INFO o.a.j.t.JMeterThread: Thread finished: Thread Group 1-4
2021-05-09 17:18:27,970 INFO o.a.j.e.StandardJMeterEngine: Notifying test listeners of end of test
2021-05-09 17:18:27,970 INFO o.a.j.g.u.JMeterMenuBar: setRunning(false, *local*)
